{"name": "test_create_user", "status": "failed", "statusDetails": {"message": "AssertionError: assert '2024-10-31T21:38:55.401Z' == datetime.datetime(2024, 10, 31, 21, 38, 55, 425763)", "trace": "def test_create_user():\n        body = {\n            \"name\": \"morpheus\",\n            \"job\": \"leader\"\n        }\n        response = httpx.post(BASE_URL + CREATE_USER, json=body)\n        assert response.status_code == 201\n    \n        response_json = response.json()\n        creation_date = str(response_json['createdAt'])\n        current_date = datetime.datetime.utcnow()\n>       assert creation_date == current_date\nE       AssertionError: assert '2024-10-31T21:38:55.401Z' == datetime.datetime(2024, 10, 31, 21, 38, 55, 425763)\n\ntests/test_work_with_user_data.py:20: AssertionError"}, "start": 1730410735144, "stop": 1730410735426, "uuid": "ffd32cac-f401-4478-95ac-c8a0e64a8b54", "historyId": "dfb3373b0441451fbf3ef32cb0efdb69", "testCaseId": "dfb3373b0441451fbf3ef32cb0efdb69", "fullName": "tests.test_work_with_user_data#test_create_user", "labels": [{"name": "parentSuite", "value": "tests"}, {"name": "suite", "value": "test_work_with_user_data"}, {"name": "host", "value": "MacBook-Air-I.local"}, {"name": "thread", "value": "18120-MainThread"}, {"name": "framework", "value": "pytest"}, {"name": "language", "value": "cpython3"}, {"name": "package", "value": "tests.test_work_with_user_data"}]}