{"name": "test_create_user", "status": "failed", "statusDetails": {"message": "AssertionError: assert '2024-10-31 21:41:22.688Z' == '2024-10-31 21:41:22.718527'\n  \n  - 2024-10-31 21:41:22.718527\n  ?                     ^^ ^^^\n  + 2024-10-31 21:41:22.688Z\n  ?                     ^ ^^", "trace": "def test_create_user():\n        body = {\n            \"name\": \"morpheus\",\n            \"job\": \"leader\"\n        }\n        response = httpx.post(BASE_URL + CREATE_USER, json=body)\n        assert response.status_code == 201\n    \n        response_json = response.json()\n        creation_date = response_json['createdAt'].replace('T', ' ')\n        current_date = str(datetime.datetime.utcnow())\n>       assert creation_date == current_date\nE       AssertionError: assert '2024-10-31 21:41:22.688Z' == '2024-10-31 21:41:22.718527'\nE         \nE         - 2024-10-31 21:41:22.718527\nE         ?                     ^^ ^^^\nE         + 2024-10-31 21:41:22.688Z\nE         ?                     ^ ^^\n\ntests/test_work_with_user_data.py:20: AssertionError"}, "start": 1730410882398, "stop": 1730410882719, "uuid": "980ace72-7969-40b2-a403-905fbdd3896f", "historyId": "dfb3373b0441451fbf3ef32cb0efdb69", "testCaseId": "dfb3373b0441451fbf3ef32cb0efdb69", "fullName": "tests.test_work_with_user_data#test_create_user", "labels": [{"name": "parentSuite", "value": "tests"}, {"name": "suite", "value": "test_work_with_user_data"}, {"name": "host", "value": "MacBook-Air-I.local"}, {"name": "thread", "value": "18172-MainThread"}, {"name": "framework", "value": "pytest"}, {"name": "language", "value": "cpython3"}, {"name": "package", "value": "tests.test_work_with_user_data"}]}