{"name": "test_create_user", "status": "failed", "statusDetails": {"message": "AssertionError: assert '2024-10-31T21:40:29.293Z' == '2024-10-31 21:40:29.316984'\n  \n  - 2024-10-31 21:40:29.316984\n  ?           ^          ^^^^^\n  + 2024-10-31T21:40:29.293Z\n  ?           ^         ++ ^", "trace": "def test_create_user():\n        body = {\n            \"name\": \"morpheus\",\n            \"job\": \"leader\"\n        }\n        response = httpx.post(BASE_URL + CREATE_USER, json=body)\n        assert response.status_code == 201\n    \n        response_json = response.json()\n        creation_date = response_json['createdAt']\n        current_date = str(datetime.datetime.utcnow())\n>       assert creation_date == current_date\nE       AssertionError: assert '2024-10-31T21:40:29.293Z' == '2024-10-31 21:40:29.316984'\nE         \nE         - 2024-10-31 21:40:29.316984\nE         ?           ^          ^^^^^\nE         + 2024-10-31T21:40:29.293Z\nE         ?           ^         ++ ^\n\ntests/test_work_with_user_data.py:20: AssertionError"}, "start": 1730410829023, "stop": 1730410829317, "uuid": "136e8d71-51e1-4e80-a2cf-d8fca6819234", "historyId": "dfb3373b0441451fbf3ef32cb0efdb69", "testCaseId": "dfb3373b0441451fbf3ef32cb0efdb69", "fullName": "tests.test_work_with_user_data#test_create_user", "labels": [{"name": "parentSuite", "value": "tests"}, {"name": "suite", "value": "test_work_with_user_data"}, {"name": "host", "value": "MacBook-Air-I.local"}, {"name": "thread", "value": "18155-MainThread"}, {"name": "framework", "value": "pytest"}, {"name": "language", "value": "cpython3"}, {"name": "package", "value": "tests.test_work_with_user_data"}]}