{"name": "test_update_user_with_name_and_job", "status": "failed", "statusDetails": {"message": "AssertionError: assert 201 == 200\n +  where 201 = <Response [201 Created]>.status_code", "trace": "def test_update_user_with_name_and_job():\n        body = {\n            \"name\": \"morpheus\",\n            \"job\": \"zion resident\"\n        }\n        response = httpx.post(BASE_URL + UPDATE_USER, json=body)\n>       assert response.status_code == 200\nE       assert 201 == 200\nE        +  where 201 = <Response [201 Created]>.status_code\n\ntests/test_work_with_user_data.py:65: AssertionError"}, "start": 1730474193252, "stop": 1730474193621, "uuid": "eae5e4e5-a4fd-4eed-a17c-16329f09613e", "historyId": "5d295884ca8fc9b53fda3c57241acd6e", "testCaseId": "5d295884ca8fc9b53fda3c57241acd6e", "fullName": "tests.test_work_with_user_data#test_update_user_with_name_and_job", "labels": [{"name": "parentSuite", "value": "tests"}, {"name": "suite", "value": "test_work_with_user_data"}, {"name": "host", "value": "MacBook-Air-I.local"}, {"name": "thread", "value": "21855-MainThread"}, {"name": "framework", "value": "pytest"}, {"name": "language", "value": "cpython3"}, {"name": "package", "value": "tests.test_work_with_user_data"}]}