{"name": "test_create_user", "status": "failed", "statusDetails": {"message": "AssertionError: assert 201 == 200\n +  where 201 = <Response [201 Created]>.status_code", "trace": "def test_create_user():\n        body = {\n            \"name\": \"morpheus\",\n            \"job\": \"leader\"\n        }\n        response = httpx.post(BASE_URL + CREATE_USER, json=body)\n>       assert response.status_code == 200\nE       assert 201 == 200\nE        +  where 201 = <Response [201 Created]>.status_code\n\ntests/test_work_with_user_data.py:13: AssertionError"}, "start": 1730409437788, "stop": 1730409438203, "uuid": "b5435721-4d55-42fb-8251-89339d7a3134", "historyId": "dfb3373b0441451fbf3ef32cb0efdb69", "testCaseId": "dfb3373b0441451fbf3ef32cb0efdb69", "fullName": "tests.test_work_with_user_data#test_create_user", "labels": [{"name": "parentSuite", "value": "tests"}, {"name": "suite", "value": "test_work_with_user_data"}, {"name": "host", "value": "MacBook-Air-I.local"}, {"name": "thread", "value": "17758-MainThread"}, {"name": "framework", "value": "pytest"}, {"name": "language", "value": "cpython3"}, {"name": "package", "value": "tests.test_work_with_user_data"}]}